0 info it worked if it ends with ok
1 verbose cli [ '/Users/a731597/.nvm/versions/node/v7.6.0/bin/node',
1 verbose cli   '/Users/a731597/.nvm/versions/node/v7.6.0/bin/npm',
1 verbose cli   'start' ]
2 info using npm@4.1.2
3 info using node@v7.6.0
4 verbose run-script [ 'prestart', 'start', 'poststart' ]
5 info lifecycle arbeidsplassen@0.1.0~prestart: arbeidsplassen@0.1.0
6 silly lifecycle arbeidsplassen@0.1.0~prestart: no script for prestart, continuing
7 info lifecycle arbeidsplassen@0.1.0~start: arbeidsplassen@0.1.0
8 verbose lifecycle arbeidsplassen@0.1.0~start: unsafe-perm in lifecycle true
9 verbose lifecycle arbeidsplassen@0.1.0~start: PATH: /Users/a731597/.nvm/versions/node/v7.6.0/lib/node_modules/npm/bin/node-gyp-bin:/Users/a731597/workspace/react-assignment-educated/ledige-stillinger/node_modules/.bin:/usr/local/opt/openssl/bin:/Users/a731597/.rbenv/shims:/Users/a731597/.avn/bin:/Users/a731597/.rvm/gems/ruby-2.3.7/bin:/Users/a731597/.rvm/gems/ruby-2.3.7@global/bin:/Users/a731597/.rvm/rubies/ruby-2.3.7/bin:/Users/a731597/.nvm/versions/node/v7.6.0/bin:/usr/local/opt/openssl@1.1/bin:/Users/a731597/.rbenv/shims:/usr/local/bin:/usr/bin:/bin:/usr/sbin:/sbin:/Library/Apple/usr/bin:/Library/Apple/bin:/usr/local/share/dotnet:~/.dotnet/tools:/Library/Frameworks/Mono.framework/Versions/Current/Commands:/Users/a731597/.rvm/bin
10 verbose lifecycle arbeidsplassen@0.1.0~start: CWD: /Users/a731597/workspace/react-assignment-educated/ledige-stillinger
11 silly lifecycle arbeidsplassen@0.1.0~start: Args: [ '-c', 'react-scripts start' ]
12 silly lifecycle arbeidsplassen@0.1.0~start: Returned: code: 1  signal: null
13 info lifecycle arbeidsplassen@0.1.0~start: Failed to exec start script
14 verbose stack Error: arbeidsplassen@0.1.0 start: `react-scripts start`
14 verbose stack Exit status 1
14 verbose stack     at EventEmitter.<anonymous> (/Users/a731597/.nvm/versions/node/v7.6.0/lib/node_modules/npm/lib/utils/lifecycle.js:279:16)
14 verbose stack     at emitTwo (events.js:106:13)
14 verbose stack     at EventEmitter.emit (events.js:192:7)
14 verbose stack     at ChildProcess.<anonymous> (/Users/a731597/.nvm/versions/node/v7.6.0/lib/node_modules/npm/lib/utils/spawn.js:40:14)
14 verbose stack     at emitTwo (events.js:106:13)
14 verbose stack     at ChildProcess.emit (events.js:192:7)
14 verbose stack     at maybeClose (internal/child_process.js:890:16)
14 verbose stack     at Process.ChildProcess._handle.onexit (internal/child_process.js:226:5)
15 verbose pkgid arbeidsplassen@0.1.0
16 verbose cwd /Users/a731597/workspace/react-assignment-educated/ledige-stillinger
17 error Darwin 19.0.0
18 error argv "/Users/a731597/.nvm/versions/node/v7.6.0/bin/node" "/Users/a731597/.nvm/versions/node/v7.6.0/bin/npm" "start"
19 error node v7.6.0
20 error npm  v4.1.2
21 error code ELIFECYCLE
22 error arbeidsplassen@0.1.0 start: `react-scripts start`
22 error Exit status 1
23 error Failed at the arbeidsplassen@0.1.0 start script 'react-scripts start'.
23 error Make sure you have the latest version of node.js and npm installed.
23 error If you do, this is most likely a problem with the arbeidsplassen package,
23 error not with npm itself.
23 error Tell the author that this fails on your system:
23 error     react-scripts start
23 error You can get information on how to open an issue for this project with:
23 error     npm bugs arbeidsplassen
23 error Or if that isn't available, you can get their info via:
23 error     npm owner ls arbeidsplassen
23 error There is likely additional logging output above.
24 verbose exit [ 1, true ]
